{
  "stats": {
    "suites": 3,
    "tests": 2,
    "passes": 2,
    "pending": 0,
    "failures": 0,
    "start": "2017-11-19T02:34:23.755Z",
    "end": "2017-11-19T02:34:24.806Z",
    "duration": 1051,
    "testsRegistered": 2,
    "passPercent": 100,
    "pendingPercent": 0,
    "other": 0,
    "hasOther": false,
    "skipped": 0,
    "hasSkipped": false,
    "passPercentClass": "success",
    "pendingPercentClass": "danger"
  },
  "suites": {
    "title": "",
    "suites": [
      {
        "title": "Nodeuii Service 自动化测试脚本",
        "suites": [
          {
            "title": "API 接口测试",
            "suites": [],
            "tests": [
              {
                "title": "获取测试页面数据",
                "fullTitle": "Nodeuii Service 自动化测试脚本 API 接口测试 获取测试页面数据",
                "timedOut": false,
                "duration": 1037,
                "state": "passed",
                "speed": "slow",
                "pass": true,
                "fail": false,
                "pending": false,
                "code": "request(app.listen())\n.get('/test/index')\n.set('Accept', 'application/json')\n.expect(200)\n.end((err, res) => {\n  if (err) return done(new Error(err));\n  if(res.body.result == 'test'){\n      done()\n  }else{\n      done(new Error('测试页面结果与预期不符'));\n  }\n})",
                "err": {},
                "isRoot": false,
                "uuid": "7fb65c18-7e7d-4f39-852d-eeaaf30b110e",
                "parentUUID": "035206d8-9151-47fa-811d-15fbf2c9809d",
                "isHook": false,
                "skipped": false
              }
            ],
            "pending": [],
            "root": false,
            "_timeout": 2000,
            "file": "/test/service/index.spec.js",
            "uuid": "035206d8-9151-47fa-811d-15fbf2c9809d",
            "beforeHooks": [],
            "afterHooks": [],
            "fullFile": "/Users/monkidu/Desktop/framework-cli/test/service/index.spec.js",
            "passes": [
              {
                "title": "获取测试页面数据",
                "fullTitle": "Nodeuii Service 自动化测试脚本 API 接口测试 获取测试页面数据",
                "timedOut": false,
                "duration": 1037,
                "state": "passed",
                "speed": "slow",
                "pass": true,
                "fail": false,
                "pending": false,
                "code": "request(app.listen())\n.get('/test/index')\n.set('Accept', 'application/json')\n.expect(200)\n.end((err, res) => {\n  if (err) return done(new Error(err));\n  if(res.body.result == 'test'){\n      done()\n  }else{\n      done(new Error('测试页面结果与预期不符'));\n  }\n})",
                "err": {},
                "isRoot": false,
                "uuid": "7fb65c18-7e7d-4f39-852d-eeaaf30b110e",
                "parentUUID": "035206d8-9151-47fa-811d-15fbf2c9809d",
                "isHook": false,
                "skipped": false
              }
            ],
            "failures": [],
            "skipped": [],
            "hasBeforeHooks": false,
            "hasAfterHooks": false,
            "hasTests": true,
            "hasSuites": false,
            "totalTests": 1,
            "totalPasses": 1,
            "totalFailures": 0,
            "totalPending": 0,
            "totalSkipped": 0,
            "hasPasses": true,
            "hasFailures": false,
            "hasPending": false,
            "hasSkipped": false,
            "duration": 1037,
            "rootEmpty": false
          },
          {
            "title": "测试接口容错能力",
            "suites": [],
            "tests": [
              {
                "title": "404容错测试脚本",
                "fullTitle": "Nodeuii Service 自动化测试脚本 测试接口容错能力 404容错测试脚本",
                "timedOut": false,
                "duration": 1,
                "state": "passed",
                "speed": "fast",
                "pass": true,
                "fail": false,
                "pending": false,
                "code": "request(app.listen())\n.get('/test/abc')\n.expect(404,done());",
                "err": {},
                "isRoot": false,
                "uuid": "bcd1d1fb-55e7-4b87-a3bf-f04a7b0595eb",
                "parentUUID": "49c6ac35-b541-4b8f-8aeb-9889ac7e4ccf",
                "isHook": false,
                "skipped": false
              }
            ],
            "pending": [],
            "root": false,
            "_timeout": 2000,
            "file": "/test/service/index.spec.js",
            "uuid": "49c6ac35-b541-4b8f-8aeb-9889ac7e4ccf",
            "beforeHooks": [],
            "afterHooks": [],
            "fullFile": "/Users/monkidu/Desktop/framework-cli/test/service/index.spec.js",
            "passes": [
              {
                "title": "404容错测试脚本",
                "fullTitle": "Nodeuii Service 自动化测试脚本 测试接口容错能力 404容错测试脚本",
                "timedOut": false,
                "duration": 1,
                "state": "passed",
                "speed": "fast",
                "pass": true,
                "fail": false,
                "pending": false,
                "code": "request(app.listen())\n.get('/test/abc')\n.expect(404,done());",
                "err": {},
                "isRoot": false,
                "uuid": "bcd1d1fb-55e7-4b87-a3bf-f04a7b0595eb",
                "parentUUID": "49c6ac35-b541-4b8f-8aeb-9889ac7e4ccf",
                "isHook": false,
                "skipped": false
              }
            ],
            "failures": [],
            "skipped": [],
            "hasBeforeHooks": false,
            "hasAfterHooks": false,
            "hasTests": true,
            "hasSuites": false,
            "totalTests": 1,
            "totalPasses": 1,
            "totalFailures": 0,
            "totalPending": 0,
            "totalSkipped": 0,
            "hasPasses": true,
            "hasFailures": false,
            "hasPending": false,
            "hasSkipped": false,
            "duration": 1,
            "rootEmpty": false
          }
        ],
        "tests": [],
        "pending": [],
        "root": false,
        "_timeout": 2000,
        "file": "/test/service/index.spec.js",
        "uuid": "10bf35a3-6069-4ec7-b3d3-d7396597c43e",
        "beforeHooks": [],
        "afterHooks": [],
        "fullFile": "/Users/monkidu/Desktop/framework-cli/test/service/index.spec.js",
        "passes": [],
        "failures": [],
        "skipped": [],
        "hasBeforeHooks": false,
        "hasAfterHooks": false,
        "hasTests": false,
        "hasSuites": true,
        "totalTests": 0,
        "totalPasses": 0,
        "totalFailures": 0,
        "totalPending": 0,
        "totalSkipped": 0,
        "hasPasses": false,
        "hasFailures": false,
        "hasPending": false,
        "hasSkipped": false,
        "duration": 0,
        "rootEmpty": false
      }
    ],
    "tests": [],
    "pending": [],
    "root": true,
    "_timeout": 2000,
    "uuid": "0ec733ae-cb84-4b2c-bc52-622bf7b69a18",
    "beforeHooks": [],
    "afterHooks": [],
    "fullFile": "",
    "file": "",
    "passes": [],
    "failures": [],
    "skipped": [],
    "hasBeforeHooks": false,
    "hasAfterHooks": false,
    "hasTests": false,
    "hasSuites": true,
    "totalTests": 0,
    "totalPasses": 0,
    "totalFailures": 0,
    "totalPending": 0,
    "totalSkipped": 0,
    "hasPasses": false,
    "hasFailures": false,
    "hasPending": false,
    "hasSkipped": false,
    "duration": 0,
    "rootEmpty": true
  },
  "allTests": [
    {
      "title": "获取测试页面数据",
      "fullTitle": "API 接口测试 获取测试页面数据",
      "timedOut": false,
      "duration": 1037,
      "state": "passed",
      "speed": "slow",
      "pass": true,
      "fail": false,
      "pending": false,
      "code": "request(app.listen())\n.get('/test/index')\n.set('Accept', 'application/json')\n.expect(200)\n.end((err, res) => {\n  if (err) return done(new Error(err));\n  if(res.body.result == 'test'){\n      done()\n  }else{\n      done(new Error('测试页面结果与预期不符'));\n  }\n})",
      "err": {},
      "isRoot": false,
      "uuid": "7fb65c18-7e7d-4f39-852d-eeaaf30b110e",
      "parentUUID": "035206d8-9151-47fa-811d-15fbf2c9809d",
      "isHook": false,
      "skipped": false
    },
    {
      "title": "404容错测试脚本",
      "fullTitle": "测试接口容错能力 404容错测试脚本",
      "timedOut": false,
      "duration": 1,
      "state": "passed",
      "speed": "fast",
      "pass": true,
      "fail": false,
      "pending": false,
      "code": "request(app.listen())\n.get('/test/abc')\n.expect(404,done());",
      "err": {},
      "isRoot": false,
      "uuid": "bcd1d1fb-55e7-4b87-a3bf-f04a7b0595eb",
      "parentUUID": "49c6ac35-b541-4b8f-8aeb-9889ac7e4ccf",
      "isHook": false,
      "skipped": false
    }
  ],
  "allPending": [],
  "allPasses": [
    {
      "title": "获取测试页面数据",
      "fullTitle": "API 接口测试 获取测试页面数据",
      "timedOut": false,
      "duration": 1037,
      "state": "passed",
      "speed": "slow",
      "pass": true,
      "fail": false,
      "pending": false,
      "code": "request(app.listen())\n.get('/test/index')\n.set('Accept', 'application/json')\n.expect(200)\n.end((err, res) => {\n  if (err) return done(new Error(err));\n  if(res.body.result == 'test'){\n      done()\n  }else{\n      done(new Error('测试页面结果与预期不符'));\n  }\n})",
      "err": {},
      "isRoot": false,
      "uuid": "7fb65c18-7e7d-4f39-852d-eeaaf30b110e",
      "parentUUID": "035206d8-9151-47fa-811d-15fbf2c9809d",
      "isHook": false,
      "skipped": false
    },
    {
      "title": "404容错测试脚本",
      "fullTitle": "测试接口容错能力 404容错测试脚本",
      "timedOut": false,
      "duration": 1,
      "state": "passed",
      "speed": "fast",
      "pass": true,
      "fail": false,
      "pending": false,
      "code": "request(app.listen())\n.get('/test/abc')\n.expect(404,done());",
      "err": {},
      "isRoot": false,
      "uuid": "bcd1d1fb-55e7-4b87-a3bf-f04a7b0595eb",
      "parentUUID": "49c6ac35-b541-4b8f-8aeb-9889ac7e4ccf",
      "isHook": false,
      "skipped": false
    }
  ],
  "allFailures": [],
  "copyrightYear": 2017
}